<?xml version="1.0" encoding="UTF-8"?>
<!-- Generated by org.testng.reporters.JUnitReportReporter -->
<testsuite hostname="AkshayD-LAP" failures="0" tests="1" name="Day2.jenkinsProject" time="27.801" errors="0" timestamp="2023-10-03T12:28:16 IST" skipped="0">
  <testcase classname="Day2.jenkinsProject" name="SearchTest" time="27.801"/>
</testsuite> <!-- Day2.jenkinsProject -->
