<?xml version="1.0" encoding="UTF-8"?>
<!-- Generated by org.testng.reporters.JUnitReportReporter -->
<testsuite hostname="AkshayD-LAP" failures="0" tests="1" name="Day2.mavenJenkins" time="24.260" errors="0" timestamp="2023-10-03T12:28:15 IST" skipped="0">
  <testcase classname="Day2.mavenJenkins" name="verifySearchTest" time="24.260"/>
</testsuite> <!-- Day2.mavenJenkins -->
