<?xml version="1.0" encoding="UTF-8"?>
<!-- Generated by org.testng.reporters.JUnitReportReporter -->
<testsuite hostname="AkshayD-LAP" failures="0" tests="1" name="Day2.testngDemo" time="31.520" errors="0" timestamp="2023-10-03T12:28:16 IST" skipped="0">
  <testcase classname="Day2.testngDemo" name="testDemo" time="31.520"/>
</testsuite> <!-- Day2.testngDemo -->
